
> Task :dependencies

------------------------------------------------------------
Root project
------------------------------------------------------------

annotationProcessor - Annotation processors and their dependencies for source set 'main'.
\--- org.projectlombok:lombok:1.18.12

apiElements - API elements for main. (n)
No dependencies

archives - Configuration for archive artifacts. (n)
No dependencies

compileClasspath - Compile classpath for source set 'main'.
+--- org.projectlombok:lombok:1.18.12
+--- org.springframework:spring-beans:5.2.3.RELEASE
|    \--- org.springframework:spring-core:5.2.3.RELEASE
|         \--- org.springframework:spring-jcl:5.2.3.RELEASE
+--- org.springframework:spring-context:5.2.3.RELEASE
|    +--- org.springframework:spring-aop:5.2.3.RELEASE
|    |    +--- org.springframework:spring-beans:5.2.3.RELEASE (*)
|    |    \--- org.springframework:spring-core:5.2.3.RELEASE (*)
|    +--- org.springframework:spring-beans:5.2.3.RELEASE (*)
|    +--- org.springframework:spring-core:5.2.3.RELEASE (*)
|    \--- org.springframework:spring-expression:5.2.3.RELEASE
|         \--- org.springframework:spring-core:5.2.3.RELEASE (*)
+--- org.springframework:spring-context-support:5.2.3.RELEASE
|    +--- org.springframework:spring-beans:5.2.3.RELEASE (*)
|    +--- org.springframework:spring-context:5.2.3.RELEASE (*)
|    \--- org.springframework:spring-core:5.2.3.RELEASE (*)
+--- org.springframework:spring-core:5.2.3.RELEASE (*)
+--- org.springframework:spring-orm:5.2.3.RELEASE
|    +--- org.springframework:spring-beans:5.2.3.RELEASE (*)
|    +--- org.springframework:spring-core:5.2.3.RELEASE (*)
|    +--- org.springframework:spring-jdbc:5.2.3.RELEASE
|    |    +--- org.springframework:spring-beans:5.2.3.RELEASE (*)
|    |    +--- org.springframework:spring-core:5.2.3.RELEASE (*)
|    |    \--- org.springframework:spring-tx:5.2.3.RELEASE
|    |         +--- org.springframework:spring-beans:5.2.3.RELEASE (*)
|    |         \--- org.springframework:spring-core:5.2.3.RELEASE (*)
|    \--- org.springframework:spring-tx:5.2.3.RELEASE (*)
+--- org.springframework:spring-expression:5.2.3.RELEASE (*)
+--- org.springframework:spring-jdbc:5.2.3.RELEASE (*)
+--- org.springframework:spring-tx:5.2.3.RELEASE (*)
+--- org.springframework:spring-web:5.2.3.RELEASE
|    +--- org.springframework:spring-beans:5.2.3.RELEASE (*)
|    \--- org.springframework:spring-core:5.2.3.RELEASE (*)
+--- org.springframework:spring-webmvc:4.3.29.RELEASE
|    +--- org.springframework:spring-aop:4.3.29.RELEASE -> 5.2.3.RELEASE (*)
|    +--- org.springframework:spring-beans:4.3.29.RELEASE -> 5.2.3.RELEASE (*)
|    +--- org.springframework:spring-context:4.3.29.RELEASE -> 5.2.3.RELEASE (*)
|    +--- org.springframework:spring-core:4.3.29.RELEASE -> 5.2.3.RELEASE (*)
|    +--- org.springframework:spring-expression:4.3.29.RELEASE -> 5.2.3.RELEASE (*)
|    \--- org.springframework:spring-web:4.3.29.RELEASE -> 5.2.3.RELEASE (*)
+--- com.google.guava:guava:27.1-jre
|    +--- com.google.guava:failureaccess:1.0.1
|    +--- com.google.guava:listenablefuture:9999.0-empty-to-avoid-conflict-with-guava
|    +--- com.google.code.findbugs:jsr305:3.0.2
|    +--- org.checkerframework:checker-qual:2.5.2
|    +--- com.google.errorprone:error_prone_annotations:2.2.0
|    +--- com.google.j2objc:j2objc-annotations:1.1
|    \--- org.codehaus.mojo:animal-sniffer-annotations:1.17
+--- com.aliyun.oss:aliyun-sdk-oss:2.8.2
|    +--- org.apache.httpcomponents:httpclient:4.4.1 -> 4.5.1
|    |    +--- org.apache.httpcomponents:httpcore:4.4.3
|    |    \--- commons-codec:commons-codec:1.9
|    +--- org.jdom:jdom:1.1
|    \--- net.sf.json-lib:json-lib:2.4
|         +--- commons-beanutils:commons-beanutils:1.8.0
|         +--- commons-collections:commons-collections:3.2.1
|         +--- commons-lang:commons-lang:2.5
|         \--- net.sf.ezmorph:ezmorph:1.0.6
|              \--- commons-lang:commons-lang:2.3 -> 2.5
+--- org.mybatis.generator:mybatis-generator-core:1.3.7
+--- org.mybatis:mybatis-spring:1.3.2
+--- com.alibaba:druid:1.0.14
+--- org.mybatis:mybatis:3.4.6
+--- org.aspectj:aspectjweaver:1.8.9
+--- log4j:log4j:1.2.17 -> 1.2.16
+--- org.apache.httpcomponents:httpclient:4.5.1 (*)
+--- org.apache.httpcomponents:httpcore:4.4.3
+--- net.sf.json-lib:json-lib:2.4 (*)
+--- org.json:json:20140107
+--- com.fasterxml.jackson.core:jackson-annotations:2.4.0
+--- org.codehaus.jackson:jackson-core-asl:1.9.13
+--- org.codehaus.jackson:jackson-mapper-asl:1.9.13
|    \--- org.codehaus.jackson:jackson-core-asl:1.9.13
+--- com.fasterxml.jackson.core:jackson-core:2.4.1
+--- com.fasterxml.jackson.core:jackson-databind:2.9.10.3
|    +--- com.fasterxml.jackson.core:jackson-annotations:2.9.10 -> 2.4.0
|    \--- com.fasterxml.jackson.core:jackson-core:2.9.10 -> 2.4.1
+--- commons-fileupload:commons-fileupload:1.3.3
|    \--- commons-io:commons-io:2.2
+--- mysql:mysql-connector-java:8.0.13
|    \--- com.google.protobuf:protobuf-java:3.6.1
+--- jstl:jstl:1.2
+--- org.apache.tomcat:servlet-api:6.0.44
+--- com.itextpdf.tool:xmlworker:5.5.9
+--- com.lowagie:itext:4.2.1
|    \--- com.itextpdf:itextpdf:5.5.6
+--- com.itextpdf:itext-asian:5.2.0
+--- org.apache.lucene:lucene-core:5.5.1
+--- org.apache.lucene:lucene-analyzers-common:5.5.1
|    \--- org.apache.lucene:lucene-core:5.5.1
+--- org.apache.lucene:lucene-queryparser:5.5.1
|    +--- org.apache.lucene:lucene-core:5.5.1
|    +--- org.apache.lucene:lucene-queries:5.5.1
|    \--- org.apache.lucene:lucene-sandbox:5.5.1
+--- org.apache.lucene:lucene-highlighter:5.5.1
|    +--- org.apache.lucene:lucene-analyzers-common:5.5.1 (*)
|    +--- org.apache.lucene:lucene-core:5.5.1
|    +--- org.apache.lucene:lucene-join:5.5.1
|    +--- org.apache.lucene:lucene-memory:5.5.1
|    \--- org.apache.lucene:lucene-queries:5.5.1
+--- org.apache.lucene:lucene-backward-codecs:5.5.1
|    \--- org.apache.lucene:lucene-core:5.5.1
+--- org.apache.pdfbox:pdfbox:2.0.15
|    \--- org.apache.pdfbox:fontbox:2.0.15
+--- org.apache.poi:poi-scratchpad:3.10-FINAL
|    \--- org.apache.poi:poi:3.10-FINAL
|         \--- commons-codec:commons-codec:1.5 -> 1.9
+--- org.apache.poi:poi:3.10-FINAL (*)
+--- org.apache.poi:poi-ooxml:3.10-FINAL
|    +--- org.apache.poi:poi:3.10-FINAL (*)
|    +--- org.apache.poi:poi-ooxml-schemas:3.10-FINAL
|    |    \--- org.apache.xmlbeans:xmlbeans:2.3.0
|    |         \--- stax:stax-api:1.0.1
|    \--- dom4j:dom4j:1.6.1
|         \--- xml-apis:xml-apis:1.0.b2
+--- org.apache.poi:poi-examples:3.10-FINAL
|    +--- org.apache.poi:poi:3.10-FINAL (*)
|    +--- org.apache.poi:poi-scratchpad:3.10-FINAL (*)
|    \--- org.apache.poi:poi-ooxml:3.10-FINAL (*)
+--- javax.mail:mail:1.5.0-b01
|    \--- javax.activation:activation:1.1
+--- com.alibaba:fastjson:1.2.25
+--- org.slf4j:slf4j-api:1.7.25
+--- org.slf4j:slf4j-simple:1.7.25
|    \--- org.slf4j:slf4j-api:1.7.25
+--- org.freemarker:freemarker:2.3.28
+--- org.glassfish.web:javax.el:2.2.4
|    \--- javax.el:javax.el-api:2.2.4
+--- javax.el:javax.el-api:2.2.4
+--- org.springframework:spring-test:5.2.3.RELEASE
|    \--- org.springframework:spring-core:5.2.3.RELEASE (*)
+--- junit:junit:4.13
|    \--- org.hamcrest:hamcrest-core:1.3
+--- log4j:log4j:1.2.16
+--- org.mortbay.jetty:jsp-2.1:7.0.0pre2
|    +--- org.eclipse.jdt:core:3.1.1
|    \--- ant:ant:1.6.5
\--- org.mortbay.jetty:jsp-api-2.1:7.0.0pre2

compileOnly - Compile only dependencies for source set 'main'. (n)
\--- org.projectlombok:lombok:1.18.12 (n)

default - Configuration for default artifacts. (n)
No dependencies

developmentOnly
No dependencies

implementation - Implementation only dependencies for source set 'main'. (n)
+--- org.springframework:spring-beans:5.2.3.RELEASE (n)
+--- org.springframework:spring-context:5.2.3.RELEASE (n)
+--- org.springframework:spring-context-support:5.2.3.RELEASE (n)
+--- org.springframework:spring-core:5.2.3.RELEASE (n)
+--- org.springframework:spring-orm:5.2.3.RELEASE (n)
+--- org.springframework:spring-expression:5.2.3.RELEASE (n)
+--- org.springframework:spring-jdbc:5.2.3.RELEASE (n)
+--- org.springframework:spring-tx:5.2.3.RELEASE (n)
+--- org.springframework:spring-web:5.2.3.RELEASE (n)
+--- org.springframework:spring-webmvc:4.3.29.RELEASE (n)
+--- com.google.guava:guava:27.1-jre (n)
+--- com.aliyun.oss:aliyun-sdk-oss:2.8.2 (n)
+--- org.mybatis.generator:mybatis-generator-core:1.3.7 (n)
+--- org.mybatis:mybatis-spring:1.3.2 (n)
+--- com.alibaba:druid:1.0.14 (n)
+--- org.mybatis:mybatis:3.4.6 (n)
+--- org.aspectj:aspectjweaver:1.8.9 (n)
+--- log4j:log4j:1.2.17 (n)
+--- org.apache.httpcomponents:httpclient:4.5.1 (n)
+--- org.apache.httpcomponents:httpcore:4.4.3 (n)
+--- net.sf.json-lib:json-lib:2.4 (n)
+--- org.json:json:20140107 (n)
+--- com.fasterxml.jackson.core:jackson-annotations:2.4.0 (n)
+--- org.codehaus.jackson:jackson-core-asl:1.9.13 (n)
+--- org.codehaus.jackson:jackson-mapper-asl:1.9.13 (n)
+--- com.fasterxml.jackson.core:jackson-core:2.4.1 (n)
+--- com.fasterxml.jackson.core:jackson-databind:2.9.10.3 (n)
+--- commons-fileupload:commons-fileupload:1.3.3 (n)
+--- mysql:mysql-connector-java:8.0.13 (n)
+--- jstl:jstl:1.2 (n)
+--- org.apache.tomcat:servlet-api:6.0.44 (n)
+--- com.itextpdf.tool:xmlworker:5.5.9 (n)
+--- com.lowagie:itext:4.2.1 (n)
+--- com.itextpdf:itext-asian:5.2.0 (n)
+--- org.apache.lucene:lucene-core:5.5.1 (n)
+--- org.apache.lucene:lucene-analyzers-common:5.5.1 (n)
+--- org.apache.lucene:lucene-queryparser:5.5.1 (n)
+--- org.apache.lucene:lucene-highlighter:5.5.1 (n)
+--- org.apache.lucene:lucene-backward-codecs:5.5.1 (n)
+--- org.apache.pdfbox:pdfbox:2.0.15 (n)
+--- org.apache.poi:poi-scratchpad:3.10-FINAL (n)
+--- org.apache.poi:poi:3.10-FINAL (n)
+--- org.apache.poi:poi-ooxml:3.10-FINAL (n)
+--- org.apache.poi:poi-examples:3.10-FINAL (n)
+--- javax.mail:mail:1.5.0-b01 (n)
+--- com.alibaba:fastjson:1.2.25 (n)
+--- org.slf4j:slf4j-api:1.7.25 (n)
+--- org.slf4j:slf4j-simple:1.7.25 (n)
+--- org.freemarker:freemarker:2.3.28 (n)
+--- org.glassfish.web:javax.el:2.2.4 (n)
+--- javax.el:javax.el-api:2.2.4 (n)
+--- org.springframework:spring-test:5.2.3.RELEASE (n)
+--- junit:junit:4.13 (n)
+--- log4j:log4j:1.2.16 (n)
+--- org.mortbay.jetty:jsp-2.1:7.0.0pre2 (n)
\--- org.mortbay.jetty:jsp-api-2.1:7.0.0pre2 (n)

runtimeClasspath - Runtime classpath of source set 'main'.
+--- org.springframework:spring-beans:5.2.3.RELEASE
|    \--- org.springframework:spring-core:5.2.3.RELEASE
|         \--- org.springframework:spring-jcl:5.2.3.RELEASE
+--- org.springframework:spring-context:5.2.3.RELEASE
|    +--- org.springframework:spring-aop:5.2.3.RELEASE
|    |    +--- org.springframework:spring-beans:5.2.3.RELEASE (*)
|    |    \--- org.springframework:spring-core:5.2.3.RELEASE (*)
|    +--- org.springframework:spring-beans:5.2.3.RELEASE (*)
|    +--- org.springframework:spring-core:5.2.3.RELEASE (*)
|    \--- org.springframework:spring-expression:5.2.3.RELEASE
|         \--- org.springframework:spring-core:5.2.3.RELEASE (*)
+--- org.springframework:spring-context-support:5.2.3.RELEASE
|    +--- org.springframework:spring-beans:5.2.3.RELEASE (*)
|    +--- org.springframework:spring-context:5.2.3.RELEASE (*)
|    \--- org.springframework:spring-core:5.2.3.RELEASE (*)
+--- org.springframework:spring-core:5.2.3.RELEASE (*)
+--- org.springframework:spring-orm:5.2.3.RELEASE
|    +--- org.springframework:spring-beans:5.2.3.RELEASE (*)
|    +--- org.springframework:spring-core:5.2.3.RELEASE (*)
|    +--- org.springframework:spring-jdbc:5.2.3.RELEASE
|    |    +--- org.springframework:spring-beans:5.2.3.RELEASE (*)
|    |    +--- org.springframework:spring-core:5.2.3.RELEASE (*)
|    |    \--- org.springframework:spring-tx:5.2.3.RELEASE
|    |         +--- org.springframework:spring-beans:5.2.3.RELEASE (*)
|    |         \--- org.springframework:spring-core:5.2.3.RELEASE (*)
|    \--- org.springframework:spring-tx:5.2.3.RELEASE (*)
+--- org.springframework:spring-expression:5.2.3.RELEASE (*)
+--- org.springframework:spring-jdbc:5.2.3.RELEASE (*)
+--- org.springframework:spring-tx:5.2.3.RELEASE (*)
+--- org.springframework:spring-web:5.2.3.RELEASE
|    +--- org.springframework:spring-beans:5.2.3.RELEASE (*)
|    \--- org.springframework:spring-core:5.2.3.RELEASE (*)
+--- org.springframework:spring-webmvc:4.3.29.RELEASE
|    +--- org.springframework:spring-aop:4.3.29.RELEASE -> 5.2.3.RELEASE (*)
|    +--- org.springframework:spring-beans:4.3.29.RELEASE -> 5.2.3.RELEASE (*)
|    +--- org.springframework:spring-context:4.3.29.RELEASE -> 5.2.3.RELEASE (*)
|    +--- org.springframework:spring-core:4.3.29.RELEASE -> 5.2.3.RELEASE (*)
|    +--- org.springframework:spring-expression:4.3.29.RELEASE -> 5.2.3.RELEASE (*)
|    \--- org.springframework:spring-web:4.3.29.RELEASE -> 5.2.3.RELEASE (*)
+--- com.google.guava:guava:27.1-jre
|    +--- com.google.guava:failureaccess:1.0.1
|    +--- com.google.guava:listenablefuture:9999.0-empty-to-avoid-conflict-with-guava
|    +--- com.google.code.findbugs:jsr305:3.0.2
|    +--- org.checkerframework:checker-qual:2.5.2
|    +--- com.google.errorprone:error_prone_annotations:2.2.0
|    +--- com.google.j2objc:j2objc-annotations:1.1
|    \--- org.codehaus.mojo:animal-sniffer-annotations:1.17
+--- com.aliyun.oss:aliyun-sdk-oss:2.8.2
|    +--- org.apache.httpcomponents:httpclient:4.4.1 -> 4.5.1
|    |    +--- org.apache.httpcomponents:httpcore:4.4.3
|    |    \--- commons-codec:commons-codec:1.9
|    +--- org.jdom:jdom:1.1
|    \--- net.sf.json-lib:json-lib:2.4
|         +--- commons-beanutils:commons-beanutils:1.8.0
|         +--- commons-collections:commons-collections:3.2.1
|         +--- commons-lang:commons-lang:2.5
|         \--- net.sf.ezmorph:ezmorph:1.0.6
|              \--- commons-lang:commons-lang:2.3 -> 2.5
+--- org.mybatis.generator:mybatis-generator-core:1.3.7
+--- org.mybatis:mybatis-spring:1.3.2
+--- com.alibaba:druid:1.0.14
+--- org.mybatis:mybatis:3.4.6
+--- org.aspectj:aspectjweaver:1.8.9
+--- log4j:log4j:1.2.17 -> 1.2.16
+--- org.apache.httpcomponents:httpclient:4.5.1 (*)
+--- org.apache.httpcomponents:httpcore:4.4.3
+--- net.sf.json-lib:json-lib:2.4 (*)
+--- org.json:json:20140107
+--- com.fasterxml.jackson.core:jackson-annotations:2.4.0
+--- org.codehaus.jackson:jackson-core-asl:1.9.13
+--- org.codehaus.jackson:jackson-mapper-asl:1.9.13
|    \--- org.codehaus.jackson:jackson-core-asl:1.9.13
+--- com.fasterxml.jackson.core:jackson-core:2.4.1
+--- com.fasterxml.jackson.core:jackson-databind:2.9.10.3
|    +--- com.fasterxml.jackson.core:jackson-annotations:2.9.10 -> 2.4.0
|    \--- com.fasterxml.jackson.core:jackson-core:2.9.10 -> 2.4.1
+--- commons-fileupload:commons-fileupload:1.3.3
|    \--- commons-io:commons-io:2.2
+--- mysql:mysql-connector-java:8.0.13
|    \--- com.google.protobuf:protobuf-java:3.6.1
+--- jstl:jstl:1.2
+--- org.apache.tomcat:servlet-api:6.0.44
+--- com.itextpdf.tool:xmlworker:5.5.9
+--- com.lowagie:itext:4.2.1
|    \--- com.itextpdf:itextpdf:5.5.6
+--- com.itextpdf:itext-asian:5.2.0
+--- org.apache.lucene:lucene-core:5.5.1
+--- org.apache.lucene:lucene-analyzers-common:5.5.1
|    \--- org.apache.lucene:lucene-core:5.5.1
+--- org.apache.lucene:lucene-queryparser:5.5.1
|    +--- org.apache.lucene:lucene-core:5.5.1
|    +--- org.apache.lucene:lucene-queries:5.5.1
|    \--- org.apache.lucene:lucene-sandbox:5.5.1
+--- org.apache.lucene:lucene-highlighter:5.5.1
|    +--- org.apache.lucene:lucene-analyzers-common:5.5.1 (*)
|    +--- org.apache.lucene:lucene-core:5.5.1
|    +--- org.apache.lucene:lucene-join:5.5.1
|    +--- org.apache.lucene:lucene-memory:5.5.1
|    \--- org.apache.lucene:lucene-queries:5.5.1
+--- org.apache.lucene:lucene-backward-codecs:5.5.1
|    \--- org.apache.lucene:lucene-core:5.5.1
+--- org.apache.pdfbox:pdfbox:2.0.15
|    \--- org.apache.pdfbox:fontbox:2.0.15
+--- org.apache.poi:poi-scratchpad:3.10-FINAL
|    \--- org.apache.poi:poi:3.10-FINAL
|         \--- commons-codec:commons-codec:1.5 -> 1.9
+--- org.apache.poi:poi:3.10-FINAL (*)
+--- org.apache.poi:poi-ooxml:3.10-FINAL
|    +--- org.apache.poi:poi:3.10-FINAL (*)
|    +--- org.apache.poi:poi-ooxml-schemas:3.10-FINAL
|    |    \--- org.apache.xmlbeans:xmlbeans:2.3.0
|    |         \--- stax:stax-api:1.0.1
|    \--- dom4j:dom4j:1.6.1
|         \--- xml-apis:xml-apis:1.0.b2
+--- org.apache.poi:poi-examples:3.10-FINAL
|    +--- org.apache.poi:poi:3.10-FINAL (*)
|    +--- org.apache.poi:poi-scratchpad:3.10-FINAL (*)
|    \--- org.apache.poi:poi-ooxml:3.10-FINAL (*)
+--- javax.mail:mail:1.5.0-b01
|    \--- javax.activation:activation:1.1
+--- com.alibaba:fastjson:1.2.25
+--- org.slf4j:slf4j-api:1.7.25
+--- org.slf4j:slf4j-simple:1.7.25
|    \--- org.slf4j:slf4j-api:1.7.25
+--- org.freemarker:freemarker:2.3.28
+--- org.glassfish.web:javax.el:2.2.4
|    \--- javax.el:javax.el-api:2.2.4
+--- javax.el:javax.el-api:2.2.4
+--- org.springframework:spring-test:5.2.3.RELEASE
|    \--- org.springframework:spring-core:5.2.3.RELEASE (*)
+--- junit:junit:4.13
|    \--- org.hamcrest:hamcrest-core:1.3
+--- log4j:log4j:1.2.16
+--- org.mortbay.jetty:jsp-2.1:7.0.0pre2
|    +--- org.eclipse.jdt:core:3.1.1
|    \--- ant:ant:1.6.5
\--- org.mortbay.jetty:jsp-api-2.1:7.0.0pre2

runtimeElements - Elements of runtime for main. (n)
No dependencies

runtimeOnly - Runtime only dependencies for source set 'main'. (n)
No dependencies

testAnnotationProcessor - Annotation processors and their dependencies for source set 'test'.
\--- org.projectlombok:lombok:1.18.12

testCompileClasspath - Compile classpath for source set 'test'.
+--- org.springframework:spring-beans:5.2.3.RELEASE
|    \--- org.springframework:spring-core:5.2.3.RELEASE
|         \--- org.springframework:spring-jcl:5.2.3.RELEASE
+--- org.springframework:spring-context:5.2.3.RELEASE
|    +--- org.springframework:spring-aop:5.2.3.RELEASE
|    |    +--- org.springframework:spring-beans:5.2.3.RELEASE (*)
|    |    \--- org.springframework:spring-core:5.2.3.RELEASE (*)
|    +--- org.springframework:spring-beans:5.2.3.RELEASE (*)
|    +--- org.springframework:spring-core:5.2.3.RELEASE (*)
|    \--- org.springframework:spring-expression:5.2.3.RELEASE
|         \--- org.springframework:spring-core:5.2.3.RELEASE (*)
+--- org.springframework:spring-context-support:5.2.3.RELEASE
|    +--- org.springframework:spring-beans:5.2.3.RELEASE (*)
|    +--- org.springframework:spring-context:5.2.3.RELEASE (*)
|    \--- org.springframework:spring-core:5.2.3.RELEASE (*)
+--- org.springframework:spring-core:5.2.3.RELEASE (*)
+--- org.springframework:spring-orm:5.2.3.RELEASE
|    +--- org.springframework:spring-beans:5.2.3.RELEASE (*)
|    +--- org.springframework:spring-core:5.2.3.RELEASE (*)
|    +--- org.springframework:spring-jdbc:5.2.3.RELEASE
|    |    +--- org.springframework:spring-beans:5.2.3.RELEASE (*)
|    |    +--- org.springframework:spring-core:5.2.3.RELEASE (*)
|    |    \--- org.springframework:spring-tx:5.2.3.RELEASE
|    |         +--- org.springframework:spring-beans:5.2.3.RELEASE (*)
|    |         \--- org.springframework:spring-core:5.2.3.RELEASE (*)
|    \--- org.springframework:spring-tx:5.2.3.RELEASE (*)
+--- org.springframework:spring-expression:5.2.3.RELEASE (*)
+--- org.springframework:spring-jdbc:5.2.3.RELEASE (*)
+--- org.springframework:spring-tx:5.2.3.RELEASE (*)
+--- org.springframework:spring-web:5.2.3.RELEASE
|    +--- org.springframework:spring-beans:5.2.3.RELEASE (*)
|    \--- org.springframework:spring-core:5.2.3.RELEASE (*)
+--- org.springframework:spring-webmvc:4.3.29.RELEASE
|    +--- org.springframework:spring-aop:4.3.29.RELEASE -> 5.2.3.RELEASE (*)
|    +--- org.springframework:spring-beans:4.3.29.RELEASE -> 5.2.3.RELEASE (*)
|    +--- org.springframework:spring-context:4.3.29.RELEASE -> 5.2.3.RELEASE (*)
|    +--- org.springframework:spring-core:4.3.29.RELEASE -> 5.2.3.RELEASE (*)
|    +--- org.springframework:spring-expression:4.3.29.RELEASE -> 5.2.3.RELEASE (*)
|    \--- org.springframework:spring-web:4.3.29.RELEASE -> 5.2.3.RELEASE (*)
+--- com.google.guava:guava:27.1-jre
|    +--- com.google.guava:failureaccess:1.0.1
|    +--- com.google.guava:listenablefuture:9999.0-empty-to-avoid-conflict-with-guava
|    +--- com.google.code.findbugs:jsr305:3.0.2
|    +--- org.checkerframework:checker-qual:2.5.2
|    +--- com.google.errorprone:error_prone_annotations:2.2.0
|    +--- com.google.j2objc:j2objc-annotations:1.1
|    \--- org.codehaus.mojo:animal-sniffer-annotations:1.17
+--- com.aliyun.oss:aliyun-sdk-oss:2.8.2
|    +--- org.apache.httpcomponents:httpclient:4.4.1 -> 4.5.1
|    |    +--- org.apache.httpcomponents:httpcore:4.4.3
|    |    \--- commons-codec:commons-codec:1.9
|    +--- org.jdom:jdom:1.1
|    \--- net.sf.json-lib:json-lib:2.4
|         +--- commons-beanutils:commons-beanutils:1.8.0
|         +--- commons-collections:commons-collections:3.2.1
|         +--- commons-lang:commons-lang:2.5
|         \--- net.sf.ezmorph:ezmorph:1.0.6
|              \--- commons-lang:commons-lang:2.3 -> 2.5
+--- org.mybatis.generator:mybatis-generator-core:1.3.7
+--- org.mybatis:mybatis-spring:1.3.2
+--- com.alibaba:druid:1.0.14
+--- org.mybatis:mybatis:3.4.6
+--- org.aspectj:aspectjweaver:1.8.9
+--- log4j:log4j:1.2.17 -> 1.2.16
+--- org.apache.httpcomponents:httpclient:4.5.1 (*)
+--- org.apache.httpcomponents:httpcore:4.4.3
+--- net.sf.json-lib:json-lib:2.4 (*)
+--- org.json:json:20140107
+--- com.fasterxml.jackson.core:jackson-annotations:2.4.0
+--- org.codehaus.jackson:jackson-core-asl:1.9.13
+--- org.codehaus.jackson:jackson-mapper-asl:1.9.13
|    \--- org.codehaus.jackson:jackson-core-asl:1.9.13
+--- com.fasterxml.jackson.core:jackson-core:2.4.1
+--- com.fasterxml.jackson.core:jackson-databind:2.9.10.3
|    +--- com.fasterxml.jackson.core:jackson-annotations:2.9.10 -> 2.4.0
|    \--- com.fasterxml.jackson.core:jackson-core:2.9.10 -> 2.4.1
+--- commons-fileupload:commons-fileupload:1.3.3
|    \--- commons-io:commons-io:2.2
+--- mysql:mysql-connector-java:8.0.13
|    \--- com.google.protobuf:protobuf-java:3.6.1
+--- jstl:jstl:1.2
+--- org.apache.tomcat:servlet-api:6.0.44
+--- com.itextpdf.tool:xmlworker:5.5.9
+--- com.lowagie:itext:4.2.1
|    \--- com.itextpdf:itextpdf:5.5.6
+--- com.itextpdf:itext-asian:5.2.0
+--- org.apache.lucene:lucene-core:5.5.1
+--- org.apache.lucene:lucene-analyzers-common:5.5.1
|    \--- org.apache.lucene:lucene-core:5.5.1
+--- org.apache.lucene:lucene-queryparser:5.5.1
|    +--- org.apache.lucene:lucene-core:5.5.1
|    +--- org.apache.lucene:lucene-queries:5.5.1
|    \--- org.apache.lucene:lucene-sandbox:5.5.1
+--- org.apache.lucene:lucene-highlighter:5.5.1
|    +--- org.apache.lucene:lucene-analyzers-common:5.5.1 (*)
|    +--- org.apache.lucene:lucene-core:5.5.1
|    +--- org.apache.lucene:lucene-join:5.5.1
|    +--- org.apache.lucene:lucene-memory:5.5.1
|    \--- org.apache.lucene:lucene-queries:5.5.1
+--- org.apache.lucene:lucene-backward-codecs:5.5.1
|    \--- org.apache.lucene:lucene-core:5.5.1
+--- org.apache.pdfbox:pdfbox:2.0.15
|    \--- org.apache.pdfbox:fontbox:2.0.15
+--- org.apache.poi:poi-scratchpad:3.10-FINAL
|    \--- org.apache.poi:poi:3.10-FINAL
|         \--- commons-codec:commons-codec:1.5 -> 1.9
+--- org.apache.poi:poi:3.10-FINAL (*)
+--- org.apache.poi:poi-ooxml:3.10-FINAL
|    +--- org.apache.poi:poi:3.10-FINAL (*)
|    +--- org.apache.poi:poi-ooxml-schemas:3.10-FINAL
|    |    \--- org.apache.xmlbeans:xmlbeans:2.3.0
|    |         \--- stax:stax-api:1.0.1
|    \--- dom4j:dom4j:1.6.1
|         \--- xml-apis:xml-apis:1.0.b2
+--- org.apache.poi:poi-examples:3.10-FINAL
|    +--- org.apache.poi:poi:3.10-FINAL (*)
|    +--- org.apache.poi:poi-scratchpad:3.10-FINAL (*)
|    \--- org.apache.poi:poi-ooxml:3.10-FINAL (*)
+--- javax.mail:mail:1.5.0-b01
|    \--- javax.activation:activation:1.1
+--- com.alibaba:fastjson:1.2.25
+--- org.slf4j:slf4j-api:1.7.25
+--- org.slf4j:slf4j-simple:1.7.25
|    \--- org.slf4j:slf4j-api:1.7.25
+--- org.freemarker:freemarker:2.3.28
+--- org.glassfish.web:javax.el:2.2.4
|    \--- javax.el:javax.el-api:2.2.4
+--- javax.el:javax.el-api:2.2.4
+--- org.springframework:spring-test:5.2.3.RELEASE
|    \--- org.springframework:spring-core:5.2.3.RELEASE (*)
+--- junit:junit:4.13
|    \--- org.hamcrest:hamcrest-core:1.3
+--- log4j:log4j:1.2.16
+--- org.mortbay.jetty:jsp-2.1:7.0.0pre2
|    +--- org.eclipse.jdt:core:3.1.1
|    \--- ant:ant:1.6.5
+--- org.mortbay.jetty:jsp-api-2.1:7.0.0pre2
\--- org.projectlombok:lombok:1.18.12

testCompileOnly - Compile only dependencies for source set 'test'. (n)
\--- org.projectlombok:lombok:1.18.12 (n)

testImplementation - Implementation only dependencies for source set 'test'. (n)
No dependencies

testRuntimeClasspath - Runtime classpath of source set 'test'.
+--- org.springframework:spring-beans:5.2.3.RELEASE
|    \--- org.springframework:spring-core:5.2.3.RELEASE
|         \--- org.springframework:spring-jcl:5.2.3.RELEASE
+--- org.springframework:spring-context:5.2.3.RELEASE
|    +--- org.springframework:spring-aop:5.2.3.RELEASE
|    |    +--- org.springframework:spring-beans:5.2.3.RELEASE (*)
|    |    \--- org.springframework:spring-core:5.2.3.RELEASE (*)
|    +--- org.springframework:spring-beans:5.2.3.RELEASE (*)
|    +--- org.springframework:spring-core:5.2.3.RELEASE (*)
|    \--- org.springframework:spring-expression:5.2.3.RELEASE
|         \--- org.springframework:spring-core:5.2.3.RELEASE (*)
+--- org.springframework:spring-context-support:5.2.3.RELEASE
|    +--- org.springframework:spring-beans:5.2.3.RELEASE (*)
|    +--- org.springframework:spring-context:5.2.3.RELEASE (*)
|    \--- org.springframework:spring-core:5.2.3.RELEASE (*)
+--- org.springframework:spring-core:5.2.3.RELEASE (*)
+--- org.springframework:spring-orm:5.2.3.RELEASE
|    +--- org.springframework:spring-beans:5.2.3.RELEASE (*)
|    +--- org.springframework:spring-core:5.2.3.RELEASE (*)
|    +--- org.springframework:spring-jdbc:5.2.3.RELEASE
|    |    +--- org.springframework:spring-beans:5.2.3.RELEASE (*)
|    |    +--- org.springframework:spring-core:5.2.3.RELEASE (*)
|    |    \--- org.springframework:spring-tx:5.2.3.RELEASE
|    |         +--- org.springframework:spring-beans:5.2.3.RELEASE (*)
|    |         \--- org.springframework:spring-core:5.2.3.RELEASE (*)
|    \--- org.springframework:spring-tx:5.2.3.RELEASE (*)
+--- org.springframework:spring-expression:5.2.3.RELEASE (*)
+--- org.springframework:spring-jdbc:5.2.3.RELEASE (*)
+--- org.springframework:spring-tx:5.2.3.RELEASE (*)
+--- org.springframework:spring-web:5.2.3.RELEASE
|    +--- org.springframework:spring-beans:5.2.3.RELEASE (*)
|    \--- org.springframework:spring-core:5.2.3.RELEASE (*)
+--- org.springframework:spring-webmvc:4.3.29.RELEASE
|    +--- org.springframework:spring-aop:4.3.29.RELEASE -> 5.2.3.RELEASE (*)
|    +--- org.springframework:spring-beans:4.3.29.RELEASE -> 5.2.3.RELEASE (*)
|    +--- org.springframework:spring-context:4.3.29.RELEASE -> 5.2.3.RELEASE (*)
|    +--- org.springframework:spring-core:4.3.29.RELEASE -> 5.2.3.RELEASE (*)
|    +--- org.springframework:spring-expression:4.3.29.RELEASE -> 5.2.3.RELEASE (*)
|    \--- org.springframework:spring-web:4.3.29.RELEASE -> 5.2.3.RELEASE (*)
+--- com.google.guava:guava:27.1-jre
|    +--- com.google.guava:failureaccess:1.0.1
|    +--- com.google.guava:listenablefuture:9999.0-empty-to-avoid-conflict-with-guava
|    +--- com.google.code.findbugs:jsr305:3.0.2
|    +--- org.checkerframework:checker-qual:2.5.2
|    +--- com.google.errorprone:error_prone_annotations:2.2.0
|    +--- com.google.j2objc:j2objc-annotations:1.1
|    \--- org.codehaus.mojo:animal-sniffer-annotations:1.17
+--- com.aliyun.oss:aliyun-sdk-oss:2.8.2
|    +--- org.apache.httpcomponents:httpclient:4.4.1 -> 4.5.1
|    |    +--- org.apache.httpcomponents:httpcore:4.4.3
|    |    \--- commons-codec:commons-codec:1.9
|    +--- org.jdom:jdom:1.1
|    \--- net.sf.json-lib:json-lib:2.4
|         +--- commons-beanutils:commons-beanutils:1.8.0
|         +--- commons-collections:commons-collections:3.2.1
|         +--- commons-lang:commons-lang:2.5
|         \--- net.sf.ezmorph:ezmorph:1.0.6
|              \--- commons-lang:commons-lang:2.3 -> 2.5
+--- org.mybatis.generator:mybatis-generator-core:1.3.7
+--- org.mybatis:mybatis-spring:1.3.2
+--- com.alibaba:druid:1.0.14
+--- org.mybatis:mybatis:3.4.6
+--- org.aspectj:aspectjweaver:1.8.9
+--- log4j:log4j:1.2.17 -> 1.2.16
+--- org.apache.httpcomponents:httpclient:4.5.1 (*)
+--- org.apache.httpcomponents:httpcore:4.4.3
+--- net.sf.json-lib:json-lib:2.4 (*)
+--- org.json:json:20140107
+--- com.fasterxml.jackson.core:jackson-annotations:2.4.0
+--- org.codehaus.jackson:jackson-core-asl:1.9.13
+--- org.codehaus.jackson:jackson-mapper-asl:1.9.13
|    \--- org.codehaus.jackson:jackson-core-asl:1.9.13
+--- com.fasterxml.jackson.core:jackson-core:2.4.1
+--- com.fasterxml.jackson.core:jackson-databind:2.9.10.3
|    +--- com.fasterxml.jackson.core:jackson-annotations:2.9.10 -> 2.4.0
|    \--- com.fasterxml.jackson.core:jackson-core:2.9.10 -> 2.4.1
+--- commons-fileupload:commons-fileupload:1.3.3
|    \--- commons-io:commons-io:2.2
+--- mysql:mysql-connector-java:8.0.13
|    \--- com.google.protobuf:protobuf-java:3.6.1
+--- jstl:jstl:1.2
+--- org.apache.tomcat:servlet-api:6.0.44
+--- com.itextpdf.tool:xmlworker:5.5.9
+--- com.lowagie:itext:4.2.1
|    \--- com.itextpdf:itextpdf:5.5.6
+--- com.itextpdf:itext-asian:5.2.0
+--- org.apache.lucene:lucene-core:5.5.1
+--- org.apache.lucene:lucene-analyzers-common:5.5.1
|    \--- org.apache.lucene:lucene-core:5.5.1
+--- org.apache.lucene:lucene-queryparser:5.5.1
|    +--- org.apache.lucene:lucene-core:5.5.1
|    +--- org.apache.lucene:lucene-queries:5.5.1
|    \--- org.apache.lucene:lucene-sandbox:5.5.1
+--- org.apache.lucene:lucene-highlighter:5.5.1
|    +--- org.apache.lucene:lucene-analyzers-common:5.5.1 (*)
|    +--- org.apache.lucene:lucene-core:5.5.1
|    +--- org.apache.lucene:lucene-join:5.5.1
|    +--- org.apache.lucene:lucene-memory:5.5.1
|    \--- org.apache.lucene:lucene-queries:5.5.1
+--- org.apache.lucene:lucene-backward-codecs:5.5.1
|    \--- org.apache.lucene:lucene-core:5.5.1
+--- org.apache.pdfbox:pdfbox:2.0.15
|    \--- org.apache.pdfbox:fontbox:2.0.15
+--- org.apache.poi:poi-scratchpad:3.10-FINAL
|    \--- org.apache.poi:poi:3.10-FINAL
|         \--- commons-codec:commons-codec:1.5 -> 1.9
+--- org.apache.poi:poi:3.10-FINAL (*)
+--- org.apache.poi:poi-ooxml:3.10-FINAL
|    +--- org.apache.poi:poi:3.10-FINAL (*)
|    +--- org.apache.poi:poi-ooxml-schemas:3.10-FINAL
|    |    \--- org.apache.xmlbeans:xmlbeans:2.3.0
|    |         \--- stax:stax-api:1.0.1
|    \--- dom4j:dom4j:1.6.1
|         \--- xml-apis:xml-apis:1.0.b2
+--- org.apache.poi:poi-examples:3.10-FINAL
|    +--- org.apache.poi:poi:3.10-FINAL (*)
|    +--- org.apache.poi:poi-scratchpad:3.10-FINAL (*)
|    \--- org.apache.poi:poi-ooxml:3.10-FINAL (*)
+--- javax.mail:mail:1.5.0-b01
|    \--- javax.activation:activation:1.1
+--- com.alibaba:fastjson:1.2.25
+--- org.slf4j:slf4j-api:1.7.25
+--- org.slf4j:slf4j-simple:1.7.25
|    \--- org.slf4j:slf4j-api:1.7.25
+--- org.freemarker:freemarker:2.3.28
+--- org.glassfish.web:javax.el:2.2.4
|    \--- javax.el:javax.el-api:2.2.4
+--- javax.el:javax.el-api:2.2.4
+--- org.springframework:spring-test:5.2.3.RELEASE
|    \--- org.springframework:spring-core:5.2.3.RELEASE (*)
+--- junit:junit:4.13
|    \--- org.hamcrest:hamcrest-core:1.3
+--- log4j:log4j:1.2.16
+--- org.mortbay.jetty:jsp-2.1:7.0.0pre2
|    +--- org.eclipse.jdt:core:3.1.1
|    \--- ant:ant:1.6.5
\--- org.mortbay.jetty:jsp-api-2.1:7.0.0pre2

testRuntimeOnly - Runtime only dependencies for source set 'test'. (n)
No dependencies

(*) - dependencies omitted (listed previously)

(n) - Not resolved (configuration is not meant to be resolved)

A web-based, searchable dependency report is available by adding the --scan option.

Deprecated Gradle features were used in this build, making it incompatible with Gradle 7.0.
Use '--warning-mode all' to show the individual deprecation warnings.
See https://docs.gradle.org/6.3/userguide/command_line_interface.html#sec:command_line_warnings

BUILD SUCCESSFUL in 10s
1 actionable task: 1 executed
